INFO 2020-11-25 22:42:02,875 root : Ключ: dateTime, Значення: 2020-11-25T20:42:02.873
INFO 2020-11-25 22:42:02,876 root : Ключ: serverUrl, Значення: http://localhost:8000/health/
INFO 2020-11-25 22:42:02,877 root : Ключ: serverName, Значення: posix
INFO 2020-11-25 22:42:02,878 root : Ключ: serverPid, Значення: 2932
INFO 2020-11-25 22:42:02,878 root : Ключ: clientAgent, Значення: python-requests/2.25.0
INFO 2020-11-25 22:42:02,878 root : Ключ: clientIp, Значення: 127.0.0.1
INFO 2020-11-25 22:43:02,925 root : Ключ: dateTime, Значення: 2020-11-25T20:43:02.921
INFO 2020-11-25 22:43:02,925 root : Ключ: serverUrl, Значення: http://localhost:8000/health/
INFO 2020-11-25 22:43:02,925 root : Ключ: serverName, Значення: posix
INFO 2020-11-25 22:43:02,925 root : Ключ: serverPid, Значення: 2932
INFO 2020-11-25 22:43:02,925 root : Ключ: clientAgent, Значення: python-requests/2.25.0
INFO 2020-11-25 22:43:02,925 root : Ключ: clientIp, Значення: 127.0.0.1
INFO 2020-11-25 22:44:02,999 root : Ключ: dateTime, Значення: 2020-11-25T20:44:02.992
INFO 2020-11-25 22:44:02,999 root : Ключ: serverUrl, Значення: http://localhost:8000/health/
INFO 2020-11-25 22:44:02,999 root : Ключ: serverName, Значення: posix
INFO 2020-11-25 22:44:02,999 root : Ключ: serverPid, Значення: 2932
INFO 2020-11-25 22:44:02,999 root : Ключ: clientAgent, Значення: python-requests/2.25.0
INFO 2020-11-25 22:44:02,999 root : Ключ: clientIp, Значення: 127.0.0.1
INFO 2020-11-25 22:45:03,069 root : Ключ: dateTime, Значення: 2020-11-25T20:45:03.066
INFO 2020-11-25 22:45:03,071 root : Ключ: serverUrl, Значення: http://localhost:8000/health/
INFO 2020-11-25 22:45:03,071 root : Ключ: serverName, Значення: posix
INFO 2020-11-25 22:45:03,071 root : Ключ: serverPid, Значення: 2932
INFO 2020-11-25 22:45:03,071 root : Ключ: clientAgent, Значення: python-requests/2.25.0
INFO 2020-11-25 22:45:03,071 root : Ключ: clientIp, Значення: 127.0.0.1
INFO 2020-11-25 22:46:03,142 root : Ключ: dateTime, Значення: 2020-11-25T20:46:03.141
INFO 2020-11-25 22:46:03,142 root : Ключ: serverUrl, Значення: http://localhost:8000/health/
INFO 2020-11-25 22:46:03,143 root : Ключ: serverName, Значення: posix
INFO 2020-11-25 22:46:03,143 root : Ключ: serverPid, Значення: 2932
INFO 2020-11-25 22:46:03,143 root : Ключ: clientAgent, Значення: python-requests/2.25.0
INFO 2020-11-25 22:46:03,143 root : Ключ: clientIp, Значення: 127.0.0.1
INFO 2020-11-25 22:47:03,210 root : Ключ: dateTime, Значення: 2020-11-25T20:47:03.208
INFO 2020-11-25 22:47:03,211 root : Ключ: serverUrl, Значення: http://localhost:8000/health/
INFO 2020-11-25 22:47:03,211 root : Ключ: serverName, Значення: posix
INFO 2020-11-25 22:47:03,211 root : Ключ: serverPid, Значення: 2932
INFO 2020-11-25 22:47:03,211 root : Ключ: clientAgent, Значення: python-requests/2.25.0
INFO 2020-11-25 22:47:03,211 root : Ключ: clientIp, Значення: 127.0.0.1
INFO 2020-11-25 22:48:03,274 root : Ключ: dateTime, Значення: 2020-11-25T20:48:03.273
INFO 2020-11-25 22:48:03,277 root : Ключ: serverUrl, Значення: http://localhost:8000/health/
INFO 2020-11-25 22:48:03,277 root : Ключ: serverName, Значення: posix
INFO 2020-11-25 22:48:03,277 root : Ключ: serverPid, Значення: 2932
INFO 2020-11-25 22:48:03,277 root : Ключ: clientAgent, Значення: python-requests/2.25.0
INFO 2020-11-25 22:48:03,277 root : Ключ: clientIp, Значення: 127.0.0.1
INFO 2020-11-25 22:49:03,345 root : Ключ: dateTime, Значення: 2020-11-25T20:49:03.343
INFO 2020-11-25 22:49:03,346 root : Ключ: serverUrl, Значення: http://localhost:8000/health/
INFO 2020-11-25 22:49:03,346 root : Ключ: serverName, Значення: posix
INFO 2020-11-25 22:49:03,346 root : Ключ: serverPid, Значення: 2932
INFO 2020-11-25 22:49:03,346 root : Ключ: clientAgent, Значення: python-requests/2.25.0
INFO 2020-11-25 22:49:03,346 root : Ключ: clientIp, Значення: 127.0.0.1
INFO 2020-11-25 22:50:03,406 root : Ключ: dateTime, Значення: 2020-11-25T20:50:03.405
INFO 2020-11-25 22:50:03,408 root : Ключ: serverUrl, Значення: http://localhost:8000/health/
INFO 2020-11-25 22:50:03,408 root : Ключ: serverName, Значення: posix
INFO 2020-11-25 22:50:03,408 root : Ключ: serverPid, Значення: 2932
INFO 2020-11-25 22:50:03,408 root : Ключ: clientAgent, Значення: python-requests/2.25.0
INFO 2020-11-25 22:50:03,408 root : Ключ: clientIp, Значення: 127.0.0.1
INFO 2020-11-25 22:51:03,473 root : Ключ: dateTime, Значення: 2020-11-25T20:51:03.472
INFO 2020-11-25 22:51:03,475 root : Ключ: serverUrl, Значення: http://localhost:8000/health/
INFO 2020-11-25 22:51:03,475 root : Ключ: serverName, Значення: posix
INFO 2020-11-25 22:51:03,475 root : Ключ: serverPid, Значення: 2932
INFO 2020-11-25 22:51:03,475 root : Ключ: clientAgent, Значення: python-requests/2.25.0
INFO 2020-11-25 22:51:03,475 root : Ключ: clientIp, Значення: 127.0.0.1
INFO 2020-11-25 22:52:03,541 root : Ключ: dateTime, Значення: 2020-11-25T20:52:03.538
INFO 2020-11-25 22:52:03,542 root : Ключ: serverUrl, Значення: http://localhost:8000/health/
INFO 2020-11-25 22:52:03,542 root : Ключ: serverName, Значення: posix
INFO 2020-11-25 22:52:03,542 root : Ключ: serverPid, Значення: 2932
INFO 2020-11-25 22:52:03,542 root : Ключ: clientAgent, Значення: python-requests/2.25.0
INFO 2020-11-25 22:52:03,542 root : Ключ: clientIp, Значення: 127.0.0.1
INFO 2020-11-25 22:53:03,609 root : Ключ: dateTime, Значення: 2020-11-25T20:53:03.607
INFO 2020-11-25 22:53:03,610 root : Ключ: serverUrl, Значення: http://localhost:8000/health/
INFO 2020-11-25 22:53:03,610 root : Ключ: serverName, Значення: posix
INFO 2020-11-25 22:53:03,610 root : Ключ: serverPid, Значення: 2932
INFO 2020-11-25 22:53:03,610 root : Ключ: clientAgent, Значення: python-requests/2.25.0
INFO 2020-11-25 22:53:03,610 root : Ключ: clientIp, Значення: 127.0.0.1
INFO 2020-11-25 22:54:03,678 root : Ключ: dateTime, Значення: 2020-11-25T20:54:03.676
INFO 2020-11-25 22:54:03,680 root : Ключ: serverUrl, Значення: http://localhost:8000/health/
INFO 2020-11-25 22:54:03,680 root : Ключ: serverName, Значення: posix
INFO 2020-11-25 22:54:03,680 root : Ключ: serverPid, Значення: 2932
INFO 2020-11-25 22:54:03,680 root : Ключ: clientAgent, Значення: python-requests/2.25.0
INFO 2020-11-25 22:54:03,680 root : Ключ: clientIp, Значення: 127.0.0.1
INFO 2020-11-25 22:55:03,745 root : Ключ: dateTime, Значення: 2020-11-25T20:55:03.743
INFO 2020-11-25 22:55:03,747 root : Ключ: serverUrl, Значення: http://localhost:8000/health/
INFO 2020-11-25 22:55:03,747 root : Ключ: serverName, Значення: posix
INFO 2020-11-25 22:55:03,747 root : Ключ: serverPid, Значення: 2932
INFO 2020-11-25 22:55:03,747 root : Ключ: clientAgent, Значення: python-requests/2.25.0
INFO 2020-11-25 22:55:03,747 root : Ключ: clientIp, Значення: 127.0.0.1
INFO 2020-11-25 22:56:03,811 root : Ключ: dateTime, Значення: 2020-11-25T20:56:03.810
INFO 2020-11-25 22:56:03,813 root : Ключ: serverUrl, Значення: http://localhost:8000/health/
INFO 2020-11-25 22:56:03,813 root : Ключ: serverName, Значення: posix
INFO 2020-11-25 22:56:03,813 root : Ключ: serverPid, Значення: 2932
INFO 2020-11-25 22:56:03,813 root : Ключ: clientAgent, Значення: python-requests/2.25.0
INFO 2020-11-25 22:56:03,813 root : Ключ: clientIp, Значення: 127.0.0.1
INFO 2020-11-25 22:57:03,875 root : Ключ: dateTime, Значення: 2020-11-25T20:57:03.872
INFO 2020-11-25 22:57:03,877 root : Ключ: serverUrl, Значення: http://localhost:8000/health/
INFO 2020-11-25 22:57:03,877 root : Ключ: serverName, Значення: posix
INFO 2020-11-25 22:57:03,877 root : Ключ: serverPid, Значення: 2932
INFO 2020-11-25 22:57:03,877 root : Ключ: clientAgent, Значення: python-requests/2.25.0
INFO 2020-11-25 22:57:03,877 root : Ключ: clientIp, Значення: 127.0.0.1
INFO 2020-11-25 22:58:03,945 root : Ключ: dateTime, Значення: 2020-11-25T20:58:03.943
INFO 2020-11-25 22:58:03,946 root : Ключ: serverUrl, Значення: http://localhost:8000/health/
INFO 2020-11-25 22:58:03,946 root : Ключ: serverName, Значення: posix
INFO 2020-11-25 22:58:03,946 root : Ключ: serverPid, Значення: 2932
INFO 2020-11-25 22:58:03,946 root : Ключ: clientAgent, Значення: python-requests/2.25.0
INFO 2020-11-25 22:58:03,947 root : Ключ: clientIp, Значення: 127.0.0.1
INFO 2020-11-25 22:59:04,012 root : Ключ: dateTime, Значення: 2020-11-25T20:59:04.010
INFO 2020-11-25 22:59:04,013 root : Ключ: serverUrl, Значення: http://localhost:8000/health/
INFO 2020-11-25 22:59:04,014 root : Ключ: serverName, Значення: posix
INFO 2020-11-25 22:59:04,015 root : Ключ: serverPid, Значення: 2932
INFO 2020-11-25 22:59:04,015 root : Ключ: clientAgent, Значення: python-requests/2.25.0
INFO 2020-11-25 22:59:04,015 root : Ключ: clientIp, Значення: 127.0.0.1
INFO 2020-11-25 23:00:04,084 root : Ключ: dateTime, Значення: 2020-11-25T21:00:04.080
INFO 2020-11-25 23:00:04,084 root : Ключ: serverUrl, Значення: http://localhost:8000/health/
INFO 2020-11-25 23:00:04,084 root : Ключ: serverName, Значення: posix
INFO 2020-11-25 23:00:04,084 root : Ключ: serverPid, Значення: 2932
INFO 2020-11-25 23:00:04,085 root : Ключ: clientAgent, Значення: python-requests/2.25.0
INFO 2020-11-25 23:00:04,085 root : Ключ: clientIp, Значення: 127.0.0.1
INFO 2020-11-25 23:01:04,108 root : Ключ: dateTime, Значення: 2020-11-25T21:01:04.104
INFO 2020-11-25 23:01:04,109 root : Ключ: serverUrl, Значення: http://localhost:8000/health/
INFO 2020-11-25 23:01:04,110 root : Ключ: serverName, Значення: posix
INFO 2020-11-25 23:01:04,110 root : Ключ: serverPid, Значення: 2932
INFO 2020-11-25 23:01:04,110 root : Ключ: clientAgent, Значення: python-requests/2.25.0
INFO 2020-11-25 23:01:04,110 root : Ключ: clientIp, Значення: 127.0.0.1
INFO 2020-11-25 23:02:04,170 root : Ключ: dateTime, Значення: 2020-11-25T21:02:04.170
INFO 2020-11-25 23:02:04,170 root : Ключ: serverUrl, Значення: http://localhost:8000/health/
INFO 2020-11-25 23:02:04,170 root : Ключ: serverName, Значення: posix
INFO 2020-11-25 23:02:04,170 root : Ключ: serverPid, Значення: 2932
INFO 2020-11-25 23:02:04,170 root : Ключ: clientAgent, Значення: python-requests/2.25.0
INFO 2020-11-25 23:02:04,170 root : Ключ: clientIp, Значення: 127.0.0.1
INFO 2020-11-25 23:03:04,208 root : Ключ: dateTime, Значення: 2020-11-25T21:03:04.204
INFO 2020-11-25 23:03:04,208 root : Ключ: serverUrl, Значення: http://localhost:8000/health/
INFO 2020-11-25 23:03:04,208 root : Ключ: serverName, Значення: posix
INFO 2020-11-25 23:03:04,208 root : Ключ: serverPid, Значення: 2932
INFO 2020-11-25 23:03:04,208 root : Ключ: clientAgent, Значення: python-requests/2.25.0
INFO 2020-11-25 23:03:04,208 root : Ключ: clientIp, Значення: 127.0.0.1
INFO 2020-11-25 23:04:04,275 root : Ключ: dateTime, Значення: 2020-11-25T21:04:04.271
INFO 2020-11-25 23:04:04,275 root : Ключ: serverUrl, Значення: http://localhost:8000/health/
INFO 2020-11-25 23:04:04,275 root : Ключ: serverName, Значення: posix
INFO 2020-11-25 23:04:04,275 root : Ключ: serverPid, Значення: 2932
INFO 2020-11-25 23:04:04,275 root : Ключ: clientAgent, Значення: python-requests/2.25.0
INFO 2020-11-25 23:04:04,275 root : Ключ: clientIp, Значення: 127.0.0.1
INFO 2020-11-25 23:05:04,324 root : Ключ: dateTime, Значення: 2020-11-25T21:05:04.322
INFO 2020-11-25 23:05:04,325 root : Ключ: serverUrl, Значення: http://localhost:8000/health/
INFO 2020-11-25 23:05:04,325 root : Ключ: serverName, Значення: posix
INFO 2020-11-25 23:05:04,325 root : Ключ: serverPid, Значення: 2932
INFO 2020-11-25 23:05:04,325 root : Ключ: clientAgent, Значення: python-requests/2.25.0
INFO 2020-11-25 23:05:04,325 root : Ключ: clientIp, Значення: 127.0.0.1
INFO 2020-11-25 23:06:04,393 root : Ключ: dateTime, Значення: 2020-11-25T21:06:04.391
INFO 2020-11-25 23:06:04,395 root : Ключ: serverUrl, Значення: http://localhost:8000/health/
INFO 2020-11-25 23:06:04,395 root : Ключ: serverName, Значення: posix
INFO 2020-11-25 23:06:04,395 root : Ключ: serverPid, Значення: 2932
INFO 2020-11-25 23:06:04,395 root : Ключ: clientAgent, Значення: python-requests/2.25.0
INFO 2020-11-25 23:06:04,395 root : Ключ: clientIp, Значення: 127.0.0.1
