INFO 2020-11-22 18:56:20,809 root : Сервер доступний. Час на сервері: 11-22-2020 04:56:22 PM
INFO 2020-11-22 18:56:20,809 root : Запитувана сторінка: : http://localhost:8000/health/
INFO 2020-11-22 18:56:20,809 root : Відповідь сервера містить наступні поля:
INFO 2020-11-22 18:56:20,809 root : Ключ: date, Значення: 11-22-2020 04:56:22 PM
INFO 2020-11-22 18:56:20,809 root : Ключ: current_page, Значення: http://localhost:8000/health/
INFO 2020-11-22 18:56:20,809 root : Ключ: server_info, Значення: localhost linux
INFO 2020-11-22 18:56:20,809 root : Ключ: client_info, Значення: python-requests/2.18.4    IP:127.0.0.1
INFO 2020-11-22 18:57:21,107 root : Сервер доступний. Час на сервері: 11-22-2020 04:57:23 PM
INFO 2020-11-22 18:57:21,107 root : Запитувана сторінка: : http://localhost:8000/health/
INFO 2020-11-22 18:57:21,107 root : Відповідь сервера містить наступні поля:
INFO 2020-11-22 18:57:21,107 root : Ключ: date, Значення: 11-22-2020 04:57:23 PM
INFO 2020-11-22 18:57:21,107 root : Ключ: current_page, Значення: http://localhost:8000/health/
INFO 2020-11-22 18:57:21,107 root : Ключ: server_info, Значення: localhost linux
INFO 2020-11-22 18:57:21,107 root : Ключ: client_info, Значення: python-requests/2.18.4    IP:127.0.0.1
INFO 2020-11-22 19:04:05,648 root : Сервер доступний. Час на сервері: 11-22-2020 05:04:07 PM
INFO 2020-11-22 19:04:05,648 root : Запитувана сторінка: : http://localhost:8000/health/
INFO 2020-11-22 19:04:05,648 root : Відповідь сервера містить наступні поля:
INFO 2020-11-22 19:04:05,648 root : Ключ: date, Значення: 11-22-2020 05:04:07 PM
INFO 2020-11-22 19:04:05,648 root : Ключ: current_page, Значення: http://localhost:8000/health/
INFO 2020-11-22 19:04:05,648 root : Ключ: server_info, Значення: localhost linux
INFO 2020-11-22 19:04:05,648 root : Ключ: client_info, Значення: python-requests/2.25.0    IP:127.0.0.1
